<?xml version="1.0" encoding="UTF-8" standalone="yes"?><!DOCTYPE report PUBLIC "-//JACOCO//DTD Report 1.0//EN" "report.dtd"><report name="gameoflife-build"><sessioninfo id="ip-172-31-95-217.ec2.internal-52d8e719" start="1611936330484" dump="1611936330976"/><sessioninfo id="ip-172-31-95-217.ec2.internal-38caa989" start="1611936331427" dump="1611936331910"/><sessioninfo id="ip-172-31-95-217.ec2.internal-dcc29419" start="1611937002008" dump="1611937002495"/><sessioninfo id="ip-172-31-95-217.ec2.internal-e936f3d9" start="1611937003021" dump="1611937003506"/></report>